-----------------------
  t/c    Airfoil       
-----------------------
 1.000   Cylinder                        
 0.333   Section03                       
 0.243   Section05                       
 0.197   Section08                       
 0.187   Section10                       
-----------------------
 
 
Cylinder                        Re: 10.00E+06
-----------------------------------
  alfa      cl       cd       cm   
-----------------------------------
-180.00   0.0000   0.6000   0.0000
-177.50   0.0000   0.6000   0.0000
-175.00   0.0000   0.6000   0.0000
-172.50   0.0000   0.6000   0.0000
-170.00   0.0000   0.6000   0.0000
-167.50   0.0000   0.6000   0.0000
-165.00   0.0000   0.6000   0.0000
-162.50   0.0000   0.6000   0.0000
-160.00   0.0000   0.6000   0.0000
-157.50   0.0000   0.6000   0.0000
-155.00   0.0000   0.6000   0.0000
-152.50   0.0000   0.6000   0.0000
-150.00   0.0000   0.6000   0.0000
-147.50   0.0000   0.6000   0.0000
-145.00   0.0000   0.6000   0.0000
-142.50   0.0000   0.6000   0.0000
-140.00   0.0000   0.6000   0.0000
-137.50   0.0000   0.6000   0.0000
-135.00   0.0000   0.6000   0.0000
-132.50   0.0000   0.6000   0.0000
-130.00   0.0000   0.6000   0.0000
-127.50   0.0000   0.6000   0.0000
-125.00   0.0000   0.6000   0.0000
-122.50   0.0000   0.6000   0.0000
-120.00   0.0000   0.6000   0.0000
-117.50   0.0000   0.6000   0.0000
-115.00   0.0000   0.6000   0.0000
-112.50   0.0000   0.6000   0.0000
-110.00   0.0000   0.6000   0.0000
-107.50   0.0000   0.6000   0.0000
-105.00   0.0000   0.6000   0.0000
-102.50   0.0000   0.6000   0.0000
-100.00   0.0000   0.6000   0.0000
 -97.50   0.0000   0.6000   0.0000
 -95.00   0.0000   0.6000   0.0000
 -92.50   0.0000   0.6000   0.0000
 -90.00   0.0000   0.6000   0.0000
 -87.50   0.0000   0.6000   0.0000
 -85.00   0.0000   0.6000   0.0000
 -82.50   0.0000   0.6000   0.0000
 -80.00   0.0000   0.6000   0.0000
 -77.50   0.0000   0.6000   0.0000
 -75.00   0.0000   0.6000   0.0000
 -72.50   0.0000   0.6000   0.0000
 -70.00   0.0000   0.6000   0.0000
 -67.50   0.0000   0.6000   0.0000
 -65.00   0.0000   0.6000   0.0000
 -62.50   0.0000   0.6000   0.0000
 -60.00   0.0000   0.6000   0.0000
 -57.50   0.0000   0.6000   0.0000
 -55.00   0.0000   0.6000   0.0000
 -52.50   0.0000   0.6000   0.0000
 -50.00   0.0000   0.6000   0.0000
 -47.50   0.0000   0.6000   0.0000
 -45.00   0.0000   0.6000   0.0000
 -42.50   0.0000   0.6000   0.0000
 -40.00   0.0000   0.6000   0.0000
 -37.50   0.0000   0.6000   0.0000
 -35.00   0.0000   0.6000   0.0000
 -32.50   0.0000   0.6000   0.0000
 -30.00   0.0000   0.6000   0.0000
 -29.00   0.0000   0.6000   0.0000
 -28.00   0.0000   0.6000   0.0000
 -27.00   0.0000   0.6000   0.0000
 -26.00   0.0000   0.6000   0.0000
 -25.00   0.0000   0.6000   0.0000
 -24.00   0.0000   0.6000   0.0000
 -23.00   0.0000   0.6000   0.0000
 -22.00   0.0000   0.6000   0.0000
 -21.00   0.0000   0.6000   0.0000
 -20.00   0.0000   0.6000   0.0000
 -19.00   0.0000   0.6000   0.0000
 -18.00   0.0000   0.6000   0.0000
 -17.00   0.0000   0.6000   0.0000
 -16.00   0.0000   0.6000   0.0000
 -15.00   0.0000   0.6000   0.0000
 -14.50   0.0000   0.6000   0.0000
 -14.00   0.0000   0.6000   0.0000
 -13.50   0.0000   0.6000   0.0000
 -13.00   0.0000   0.6000   0.0000
 -12.50   0.0000   0.6000   0.0000
 -12.00   0.0000   0.6000   0.0000
 -11.50   0.0000   0.6000   0.0000
 -11.00   0.0000   0.6000   0.0000
 -10.50   0.0000   0.6000   0.0000
 -10.00   0.0000   0.6000   0.0000
  -9.50   0.0000   0.6000   0.0000
  -9.00   0.0000   0.6000   0.0000
  -8.50   0.0000   0.6000   0.0000
  -8.00   0.0000   0.6000   0.0000
  -7.50   0.0000   0.6000   0.0000
  -7.00   0.0000   0.6000   0.0000
  -6.50   0.0000   0.6000   0.0000
  -6.00   0.0000   0.6000   0.0000
  -5.50   0.0000   0.6000   0.0000
  -5.00   0.0000   0.6000   0.0000
  -4.50   0.0000   0.6000   0.0000
  -4.00   0.0000   0.6000   0.0000
  -3.50   0.0000   0.6000   0.0000
  -3.00   0.0000   0.6000   0.0000
  -2.50   0.0000   0.6000   0.0000
  -2.00   0.0000   0.6000   0.0000
  -1.50   0.0000   0.6000   0.0000
  -1.00   0.0000   0.6000   0.0000
  -0.50   0.0000   0.6000   0.0000
   0.00   0.0000   0.6000   0.0000
   0.50   0.0000   0.6000   0.0000
   1.00   0.0000   0.6000   0.0000
   1.50   0.0000   0.6000   0.0000
   2.00   0.0000   0.6000   0.0000
   2.50   0.0000   0.6000   0.0000
   3.00   0.0000   0.6000   0.0000
   3.50   0.0000   0.6000   0.0000
   4.00   0.0000   0.6000   0.0000
   4.50   0.0000   0.6000   0.0000
   5.00   0.0000   0.6000   0.0000
   5.50   0.0000   0.6000   0.0000
   6.00   0.0000   0.6000   0.0000
   6.50   0.0000   0.6000   0.0000
   7.00   0.0000   0.6000   0.0000
   7.50   0.0000   0.6000   0.0000
   8.00   0.0000   0.6000   0.0000
   8.50   0.0000   0.6000   0.0000
   9.00   0.0000   0.6000   0.0000
   9.50   0.0000   0.6000   0.0000
  10.00   0.0000   0.6000   0.0000
  10.50   0.0000   0.6000   0.0000
  11.00   0.0000   0.6000   0.0000
  11.50   0.0000   0.6000   0.0000
  12.00   0.0000   0.6000   0.0000
  12.50   0.0000   0.6000   0.0000
  13.00   0.0000   0.6000   0.0000
  13.50   0.0000   0.6000   0.0000
  14.00   0.0000   0.6000   0.0000
  14.50   0.0000   0.6000   0.0000
  15.00   0.0000   0.6000   0.0000
  15.50   0.0000   0.6000   0.0000
  16.00   0.0000   0.6000   0.0000
  16.50   0.0000   0.6000   0.0000
  17.00   0.0000   0.6000   0.0000
  17.50   0.0000   0.6000   0.0000
  18.00   0.0000   0.6000   0.0000
  18.50   0.0000   0.6000   0.0000
  19.00   0.0000   0.6000   0.0000
  19.50   0.0000   0.6000   0.0000
  20.00   0.0000   0.6000   0.0000
  20.50   0.0000   0.6000   0.0000
  21.00   0.0000   0.6000   0.0000
  21.50   0.0000   0.6000   0.0000
  22.00   0.0000   0.6000   0.0000
  22.50   0.0000   0.6000   0.0000
  23.00   0.0000   0.6000   0.0000
  23.50   0.0000   0.6000   0.0000
  24.00   0.0000   0.6000   0.0000
  24.50   0.0000   0.6000   0.0000
  25.00   0.0000   0.6000   0.0000
  26.00   0.0000   0.6000   0.0000
  27.00   0.0000   0.6000   0.0000
  28.00   0.0000   0.6000   0.0000
  29.00   0.0000   0.6000   0.0000
  30.00   0.0000   0.6000   0.0000
  31.00   0.0000   0.6000   0.0000
  32.00   0.0000   0.6000   0.0000
  33.00   0.0000   0.6000   0.0000
  34.00   0.0000   0.6000   0.0000
  35.00   0.0000   0.6000   0.0000
  36.00   0.0000   0.6000   0.0000
  37.00   0.0000   0.6000   0.0000
  38.00   0.0000   0.6000   0.0000
  39.00   0.0000   0.6000   0.0000
  40.00   0.0000   0.6000   0.0000
  42.50   0.0000   0.6000   0.0000
  45.00   0.0000   0.6000   0.0000
  47.50   0.0000   0.6000   0.0000
  50.00   0.0000   0.6000   0.0000
  52.50   0.0000   0.6000   0.0000
  55.00   0.0000   0.6000   0.0000
  57.50   0.0000   0.6000   0.0000
  60.00   0.0000   0.6000   0.0000
  62.50   0.0000   0.6000   0.0000
  65.00   0.0000   0.6000   0.0000
  67.50   0.0000   0.6000   0.0000
  70.00   0.0000   0.6000   0.0000
  72.50   0.0000   0.6000   0.0000
  75.00   0.0000   0.6000   0.0000
  77.50   0.0000   0.6000   0.0000
  80.00   0.0000   0.6000   0.0000
  82.50   0.0000   0.6000   0.0000
  85.00   0.0000   0.6000   0.0000
  87.50   0.0000   0.6000   0.0000
  90.00   0.0000   0.6000   0.0000
  92.50   0.0000   0.6000   0.0000
  95.00   0.0000   0.6000   0.0000
  97.50   0.0000   0.6000   0.0000
 100.00   0.0000   0.6000   0.0000
 102.50   0.0000   0.6000   0.0000
 105.00   0.0000   0.6000   0.0000
 107.50   0.0000   0.6000   0.0000
 110.00   0.0000   0.6000   0.0000
 112.50   0.0000   0.6000   0.0000
 115.00   0.0000   0.6000   0.0000
 117.50   0.0000   0.6000   0.0000
 120.00   0.0000   0.6000   0.0000
 122.50   0.0000   0.6000   0.0000
 125.00   0.0000   0.6000   0.0000
 127.50   0.0000   0.6000   0.0000
 130.00   0.0000   0.6000   0.0000
 132.50   0.0000   0.6000   0.0000
 135.00   0.0000   0.6000   0.0000
 137.50   0.0000   0.6000   0.0000
 140.00   0.0000   0.6000   0.0000
 142.50   0.0000   0.6000   0.0000
 145.00   0.0000   0.6000   0.0000
 147.50   0.0000   0.6000   0.0000
 150.00   0.0000   0.6000   0.0000
 152.50   0.0000   0.6000   0.0000
 155.00   0.0000   0.6000   0.0000
 157.50   0.0000   0.6000   0.0000
 160.00   0.0000   0.6000   0.0000
 162.50   0.0000   0.6000   0.0000
 165.00   0.0000   0.6000   0.0000
 167.50   0.0000   0.6000   0.0000
 170.00   0.0000   0.6000   0.0000
 172.50   0.0000   0.6000   0.0000
 175.00   0.0000   0.6000   0.0000
 177.50   0.0000   0.6000   0.0000
 180.00   0.0000   0.6000   0.0000
-----------------------------------
 
 
Section03                       Re: 10.00E+06
-----------------------------------
  alfa      cl       cd       cm   
-----------------------------------
-180.00   0.0000   0.0000   0.0000
-177.50   0.0874   0.0025   0.0109
-175.00   0.1736   0.0099   0.0218
-172.50   0.2588   0.0222   0.0326
-170.00   0.3420   0.0392   0.0434
-167.50   0.4226   0.0609   0.0541
-165.00   0.5000   0.0871   0.0647
-162.50   0.5736   0.1176   0.0752
-160.00   0.6428   0.1521   0.0855
-157.50   0.7071   0.1904   0.0957
-155.00   0.7660   0.2322   0.1057
-152.50   0.8191   0.2772   0.1155
-150.00   0.8660   0.3250   0.1250
-147.50   0.9063   0.3753   0.1343
-145.00   0.9397   0.4277   0.1434
-142.50   0.9659   0.4818   0.1522
-140.00   0.9848   0.5371   0.1607
-137.50   0.9962   0.5935   0.1689
-135.00   1.0000   0.6500   0.1768
-132.50   0.9962   0.7065   0.1843
-130.00   0.9848   0.7629   0.1915
-127.50   0.9659   0.8182   0.1983
-125.00   0.9397   0.8723   0.2048
-122.50   0.9063   0.9247   0.2109
-120.00   0.8660   0.9750   0.2165
-117.50   0.8191   1.0228   0.2218
-115.00   0.7660   1.0678   0.2266
-112.50   0.7071   1.1096   0.2310
-110.00   0.6428   1.1479   0.2349
-107.50   0.5736   1.1824   0.2384
-105.00   0.5000   1.2129   0.2415
-102.50   0.4226   1.2391   0.2441
-100.00   0.3420   1.2608   0.2462
 -97.50   0.2588   1.2778   0.2478
 -95.00   0.1736   1.2901   0.2490
 -92.50   0.0868   1.2975   0.2497
 -90.00   0.0000   1.3000   0.2500
 -87.50  -0.0868   1.2975   0.2497
 -85.00  -0.1736   1.2901   0.2490
 -82.50  -0.2588   1.2778   0.2478
 -80.00  -0.3420   1.2608   0.2462
 -77.50  -0.4226   1.2391   0.2441
 -75.00  -0.5000   1.2129   0.2415
 -72.50  -0.5736   1.1824   0.2384
 -70.00  -0.6428   1.1479   0.2349
 -67.50  -0.7071   1.1096   0.2310
 -65.00  -0.7660   1.0678   0.2266
 -62.50  -0.8191   1.0228   0.2218
 -60.00  -0.8660   0.9750   0.2165
 -57.50  -0.9063   0.9247   0.2109
 -55.00  -0.9397   0.8723   0.2048
 -52.50  -0.9659   0.8182   0.1983
 -50.00  -0.9848   0.7629   0.1915
 -47.50  -0.9964   0.7064   0.1844
 -45.00  -1.0000   0.6500   0.1768
 -42.50  -0.9954   0.5958   0.1605
 -40.00  -0.9816   0.5422   0.1416
 -37.50  -0.9323   0.4883   0.1240
 -35.00  -0.9131   0.4344   0.1065
 -32.50  -0.8950   0.3772   0.0602
 -30.00  -0.8608   0.3063   0.0200
 -29.00  -0.8508   0.2851   0.0147
 -28.00  -0.8406   0.2652   0.0094
 -27.00  -0.8250   0.2456   0.0044
 -26.00  -0.8094   0.2269  -0.0006
 -25.00  -0.7938   0.2093  -0.0056
 -24.00  -0.7781   0.1936  -0.0106
 -23.00  -0.7578   0.1834  -0.0152
 -22.00  -0.7361   0.1732  -0.0197
 -21.00  -0.7163   0.1632  -0.0244
 -20.00  -0.6942   0.1529  -0.0289
 -19.00  -0.6647   0.1415  -0.0329
 -18.00  -0.6341   0.1305  -0.0368
 -17.00  -0.6089   0.1216  -0.0409
 -16.00  -0.5841   0.1130  -0.0448
 -15.00  -0.5544   0.1036  -0.0479
 -14.50  -0.5398   0.0987  -0.0494
 -14.00  -0.5279   0.0935  -0.0510
 -13.50  -0.5192   0.0876  -0.0526
 -13.00  -0.5127   0.0812  -0.0542
 -12.50  -0.5079   0.0749  -0.0558
 -12.00  -0.5042   0.0690  -0.0572
 -11.50  -0.5011   0.0641  -0.0460
 -11.00  -0.4989   0.0597  -0.0290
 -10.50  -0.4988   0.0551  -0.0118
 -10.00  -0.5016   0.0496   0.0000
  -9.50  -0.5140   0.0422   0.0003
  -9.00  -0.5333   0.0336   0.0001
  -8.50  -0.5469   0.0252  -0.0001
  -8.00  -0.5422   0.0188   0.0000
  -7.50  -0.5111   0.0149   0.0000
  -7.00  -0.4648   0.0126   0.0000
  -6.50  -0.4119   0.0110   0.0000
  -6.00  -0.3566   0.0097   0.0000
  -5.50  -0.2935   0.0093   0.0000
  -5.00  -0.2282   0.0091   0.0000
  -4.50  -0.1628   0.0090   0.0000
  -4.00  -0.0974   0.0088   0.0000
  -3.50  -0.0315   0.0087   0.0000
  -3.00   0.0348   0.0086   0.0000
  -2.50   0.1011   0.0085   0.0000
  -2.00   0.1671   0.0085   0.0000
  -1.50   0.2325   0.0085   0.0000
  -1.00   0.2977   0.0085   0.0000
  -0.50   0.3628   0.0085   0.0000
   0.00   0.4279   0.0085   0.0000
   0.50   0.4931   0.0086   0.0000
   1.00   0.5581   0.0086   0.0000
   1.50   0.6231   0.0088   0.0000
   2.00   0.6880   0.0089   0.0000
   2.50   0.7489   0.0091   0.0000
   3.00   0.8084   0.0093   0.0000
   3.50   0.8651   0.0095   0.0000
   4.00   0.9182   0.0097   0.0000
   4.50   0.9666   0.0099   0.0000
   5.00   1.0113   0.0101   0.0000
   5.50   1.0534   0.0104   0.0000
   6.00   1.0942   0.0106   0.0000
   6.50   1.1343   0.0108   0.0000
   7.00   1.1729   0.0110   0.0000
   7.50   1.2092   0.0113   0.0000
   8.00   1.2427   0.0117   0.0000
   8.50   1.2741   0.0263  -0.0000
   9.00   1.3034   0.0476  -0.0001
   9.50   1.3288   0.0690  -0.0002
  10.00   1.3480   0.0843  -0.0003
  10.50   1.3568   0.0909  -0.0005
  11.00   1.3577   0.0924  -0.0007
  11.50   1.3572   0.0919  -0.0010
  12.00   1.3616   0.0925  -0.0013
  12.50   1.3721   0.0947  -0.0015
  13.00   1.3856   0.0969  -0.0017
  13.50   1.4017   0.0992  -0.0021
  14.00   1.4199   0.1017  -0.0029
  14.50   1.4403   0.1051  -0.0396
  15.00   1.4630   0.1089  -0.0930
  15.50   1.4880   0.1133  -0.1469
  16.00   1.5153   0.1187  -0.1850
  16.50   1.5471   0.1252  -0.1902
  17.00   1.5804   0.1326  -0.1940
  17.50   1.6139   0.1407  -0.1977
  18.00   1.6476   0.1493  -0.2020
  18.50   1.6822   0.1581  -0.2061
  19.00   1.7175   0.1674  -0.2100
  19.50   1.7522   0.1775  -0.2141
  20.00   1.7845   0.1889  -0.2185
  20.50   1.8147   0.2052  -0.2233
  21.00   1.8433   0.2241  -0.2283
  21.50   1.8697   0.2442  -0.2336
  22.00   1.8930   0.2648  -0.2392
  22.50   1.9128   0.2860  -0.2453
  23.00   1.9297   0.3080  -0.2517
  23.50   1.9440   0.3308  -0.2583
  24.00   1.9561   0.3542  -0.2646
  24.50   1.9657   0.3786  -0.2707
  25.00   1.9727   0.4040  -0.2767
  26.00   1.9815   0.4534  -0.2883
  27.00   1.9846   0.4982  -0.2996
  28.00   1.9825   0.5403  -0.3103
  29.00   1.9763   0.5796  -0.3198
  30.00   1.9664   0.6186  -0.3285
  31.00   1.9535   0.6607  -0.3370
  32.00   1.9382   0.7037  -0.3444
  33.00   1.9182   0.7478  -0.2140
  34.00   1.8906   0.7798  -0.2202
  35.00   1.8615   0.8098  -0.2261
  36.00   1.8416   0.8379  -0.2313
  37.00   1.8098   0.8641  -0.2360
  38.00   1.7773   0.8886  -0.2403
  39.00   1.7440   0.9115  -0.2442
  40.00   1.7103   0.9328  -0.2478
  42.50   1.6156   0.9768  -0.2544
  45.00   1.5180   1.0182  -0.2604
  47.50   1.4130   1.0359  -0.2275
  50.00   1.3070   1.0465  -0.1944
  52.50   1.2054   1.0609  -0.1997
  55.00   1.1063   1.0757  -0.2054
  57.50   1.0092   1.0958  -0.2110
  60.00   0.9160   1.1150  -0.2165
  62.50   0.8368   1.1263  -0.2217
  65.00   0.7660   1.1378  -0.2266
  67.50   0.7039   1.1571  -0.2310
  70.00   0.6428   1.1779  -0.2349
  72.50   0.5736   1.1949  -0.2384
  75.00   0.5000   1.2129  -0.2415
  77.50   0.4226   1.2372  -0.2441
  80.00   0.3420   1.2608  -0.2462
  82.50   0.2588   1.2778  -0.2478
  85.00   0.1736   1.2901  -0.2490
  87.50   0.0868   1.2975  -0.2497
  90.00   0.0000   1.3000  -0.2500
  92.50  -0.0868   1.2975  -0.2497
  95.00  -0.1736   1.2901  -0.2490
  97.50  -0.2588   1.2778  -0.2478
 100.00  -0.3420   1.2608  -0.2462
 102.50  -0.4226   1.2391  -0.2441
 105.00  -0.5000   1.2129  -0.2415
 107.50  -0.5736   1.1824  -0.2384
 110.00  -0.6428   1.1479  -0.2349
 112.50  -0.7071   1.1096  -0.2310
 115.00  -0.7660   1.0678  -0.2266
 117.50  -0.8191   1.0228  -0.2218
 120.00  -0.8660   0.9750  -0.2165
 122.50  -0.9063   0.9247  -0.2109
 125.00  -0.9397   0.8723  -0.2048
 127.50  -0.9659   0.8182  -0.1983
 130.00  -0.9848   0.7629  -0.1915
 132.50  -0.9962   0.7065  -0.1843
 135.00  -1.0000   0.6500  -0.1768
 137.50  -0.9962   0.5935  -0.1689
 140.00  -0.9848   0.5371  -0.1607
 142.50  -0.9659   0.4818  -0.1522
 145.00  -0.9397   0.4277  -0.1434
 147.50  -0.9063   0.3753  -0.1343
 150.00  -0.8660   0.3250  -0.1250
 152.50  -0.8191   0.2772  -0.1155
 155.00  -0.7660   0.2322  -0.1057
 157.50  -0.7071   0.1904  -0.0957
 160.00  -0.6428   0.1521  -0.0855
 162.50  -0.5736   0.1176  -0.0752
 165.00  -0.5000   0.0871  -0.0647
 167.50  -0.4226   0.0609  -0.0541
 170.00  -0.3420   0.0392  -0.0434
 172.50  -0.2588   0.0222  -0.0326
 175.00  -0.1736   0.0099  -0.0218
 177.50  -0.0874   0.0025  -0.0109
 180.00   0.0000   0.0000   0.0000
-----------------------------------
 
 
Section05                       Re: 10.00E+06
-----------------------------------
  alfa      cl       cd       cm   
-----------------------------------
-180.00   0.0000   0.0000   0.0000
-177.50   0.0874   0.0025   0.0109
-175.00   0.1736   0.0099   0.0218
-172.50   0.2588   0.0222   0.0326
-170.00   0.3420   0.0392   0.0434
-167.50   0.4226   0.0609   0.0541
-165.00   0.5000   0.0871   0.0647
-162.50   0.5736   0.1176   0.0752
-160.00   0.6428   0.1521   0.0855
-157.50   0.7071   0.1904   0.0957
-155.00   0.7660   0.2322   0.1057
-152.50   0.8191   0.2772   0.1155
-150.00   0.8660   0.3250   0.1250
-147.50   0.9063   0.3753   0.1343
-145.00   0.9397   0.4277   0.1434
-142.50   0.9659   0.4818   0.1522
-140.00   0.9848   0.5371   0.1607
-137.50   0.9962   0.5935   0.1689
-135.00   1.0000   0.6500   0.1768
-132.50   0.9962   0.7065   0.1843
-130.00   0.9848   0.7629   0.1915
-127.50   0.9659   0.8182   0.1983
-125.00   0.9397   0.8723   0.2048
-122.50   0.9063   0.9247   0.2109
-120.00   0.8660   0.9750   0.2165
-117.50   0.8191   1.0228   0.2218
-115.00   0.7660   1.0678   0.2266
-112.50   0.7071   1.1096   0.2310
-110.00   0.6428   1.1479   0.2349
-107.50   0.5736   1.1824   0.2384
-105.00   0.5000   1.2129   0.2415
-102.50   0.4226   1.2391   0.2441
-100.00   0.3420   1.2608   0.2462
 -97.50   0.2588   1.2778   0.2478
 -95.00   0.1736   1.2901   0.2490
 -92.50   0.0868   1.2975   0.2497
 -90.00   0.0000   1.3000   0.2500
 -87.50  -0.0868   1.2975   0.2497
 -85.00  -0.1736   1.2901   0.2490
 -82.50  -0.2588   1.2778   0.2478
 -80.00  -0.3420   1.2608   0.2462
 -77.50  -0.4226   1.2391   0.2441
 -75.00  -0.5000   1.2129   0.2415
 -72.50  -0.5736   1.1824   0.2384
 -70.00  -0.6428   1.1479   0.2349
 -67.50  -0.7071   1.1096   0.2310
 -65.00  -0.7660   1.0678   0.2266
 -62.50  -0.8191   1.0228   0.2218
 -60.00  -0.8660   0.9750   0.2165
 -57.50  -0.9063   0.9247   0.2109
 -55.00  -0.9397   0.8723   0.2048
 -52.50  -0.9659   0.8182   0.1983
 -50.00  -0.9848   0.7629   0.1915
 -47.50  -0.9970   0.7064   0.1844
 -45.00  -1.0000   0.6500   0.1768
 -42.50  -0.9866   0.5958   0.1605
 -40.00  -0.9716   0.5422   0.1416
 -37.50  -0.9461   0.4883   0.1240
 -35.00  -0.9331   0.4344   0.1065
 -32.50  -0.9269   0.3689   0.0676
 -30.00  -0.9178   0.2927   0.0327
 -29.00  -0.9133   0.2695   0.0267
 -28.00  -0.9091   0.2488   0.0208
 -27.00  -0.9056   0.2311   0.0155
 -26.00  -0.9024   0.2145   0.0102
 -25.00  -0.8990   0.1970   0.0049
 -24.00  -0.8956   0.1801  -0.0004
 -23.00  -0.8895   0.1650  -0.0047
 -22.00  -0.8841   0.1513  -0.0089
 -21.00  -0.8829   0.1387  -0.0132
 -20.00  -0.8826   0.1274  -0.0174
 -19.00  -0.8798   0.1179  -0.0203
 -18.00  -0.8778   0.1085  -0.0229
 -17.00  -0.8801   0.0991  -0.0259
 -16.00  -0.8831   0.0896  -0.0285
 -15.00  -0.8822   0.0797  -0.0300
 -14.50  -0.8821   0.0747  -0.0303
 -14.00  -0.8842   0.0698  -0.0300
 -13.50  -0.8906   0.0654  -0.0240
 -13.00  -0.8999   0.0612  -0.0151
 -12.50  -0.9084   0.0567  -0.0061
 -12.00  -0.9122   0.0510   0.0000
 -11.50  -0.9120   0.0430   0.0002
 -11.00  -0.9092   0.0335   0.0001
 -10.50  -0.9013   0.0244  -0.0000
 -10.00  -0.8858   0.0176   0.0000
  -9.50  -0.8403   0.0152   0.0000
  -9.00  -0.7840   0.0139   0.0000
  -8.50  -0.7249   0.0127   0.0000
  -8.00  -0.6650   0.0116   0.0000
  -7.50  -0.6025   0.0106   0.0000
  -7.00  -0.5377   0.0098   0.0000
  -6.50  -0.4721   0.0091   0.0000
  -6.00  -0.4063   0.0086   0.0000
  -5.50  -0.3400   0.0083   0.0000
  -5.00  -0.2729   0.0080   0.0000
  -4.50  -0.2055   0.0079   0.0000
  -4.00  -0.1383   0.0077   0.0000
  -3.50  -0.0714   0.0076   0.0000
  -3.00  -0.0045   0.0074   0.0000
  -2.50   0.0624   0.0074   0.0000
  -2.00   0.1291   0.0073   0.0000
  -1.50   0.1958   0.0073   0.0000
  -1.00   0.2624   0.0073   0.0000
  -0.50   0.3289   0.0073   0.0000
   0.00   0.3951   0.0074   0.0000
   0.50   0.4611   0.0075   0.0000
   1.00   0.5269   0.0076   0.0000
   1.50   0.5923   0.0078   0.0000
   2.00   0.6571   0.0079   0.0000
   2.50   0.7213   0.0080   0.0000
   3.00   0.7850   0.0082   0.0000
   3.50   0.8482   0.0083   0.0000
   4.00   0.9111   0.0085   0.0000
   4.50   0.9739   0.0088   0.0000
   5.00   1.0364   0.0092   0.0000
   5.50   1.0984   0.0096   0.0000
   6.00   1.1596   0.0101   0.0000
   6.50   1.2166   0.0106   0.0000
   7.00   1.2719   0.0112   0.0000
   7.50   1.3236   0.0118   0.0000
   8.00   1.3698   0.0126   0.0000
   8.50   1.4001   0.0168  -0.0000
   9.00   1.4221   0.0215  -0.0001
   9.50   1.4311   0.0262  -0.0001
  10.00   1.4224   0.0309  -0.0002
  10.50   1.3839   0.0357  -0.0003
  11.00   1.3216   0.0407  -0.0004
  11.50   1.2584   0.0456  -0.0005
  12.00   1.2172   0.0502  -0.0006
  12.50   1.2204   0.0541  -0.0007
  13.00   1.2272   0.0576  -0.0009
  13.50   1.2342   0.0615  -0.0011
  14.00   1.2412   0.0664  -0.0013
  14.50   1.2483   0.0727  -0.0015
  15.00   1.2557   0.0800  -0.0018
  15.50   1.2639   0.0880  -0.0020
  16.00   1.2732   0.0964  -0.0023
  16.50   1.2881   0.1053  -0.0025
  17.00   1.3056   0.1148  -0.0026
  17.50   1.3246   0.1247  -0.0028
  18.00   1.3441   0.1350  -0.0035
  18.50   1.3651   0.1457  -0.0400
  19.00   1.3878   0.1568  -0.0932
  19.50   1.4101   0.1683  -0.1468
  20.00   1.4298   0.1802  -0.1845
  20.50   1.4464   0.1924  -0.1995
  21.00   1.4609   0.2049  -0.2014
  21.50   1.4740   0.2180  -0.1982
  22.00   1.4864   0.2320  -0.1977
  22.50   1.4985   0.2478  -0.2014
  23.00   1.5097   0.2650  -0.2054
  23.50   1.5197   0.2822  -0.2094
  24.00   1.5281   0.2983  -0.2133
  24.50   1.5345   0.3124  -0.2172
  25.00   1.5391   0.3252  -0.2210
  26.00   1.5458   0.3528  -0.2287
  27.00   1.5503   0.3879  -0.2361
  28.00   1.5521   0.4243  -0.2434
  29.00   1.5506   0.4569  -0.2505
  30.00   1.5469   0.4889  -0.2573
  31.00   1.5422   0.5220  -0.2640
  32.00   1.5359   0.5549  -0.2701
  33.00   1.5251   0.5856  -0.1746
  34.00   1.5196   0.6130  -0.1799
  35.00   1.5027   0.6394  -0.1851
  36.00   1.4955   0.6648  -0.1900
  37.00   1.4877   0.6894  -0.1945
  38.00   1.4689   0.7131  -0.1988
  39.00   1.4496   0.7360  -0.2030
  40.00   1.4194   0.7581  -0.2070
  42.50   1.3665   0.8086  -0.2157
  45.00   1.3078   0.8578  -0.2241
  47.50   1.2241   0.8897  -0.2096
  50.00   1.1357   0.9165  -0.1944
  52.50   1.0578   0.9467  -0.1998
  55.00   0.9864   0.9757  -0.2054
  57.50   0.9231   1.0014  -0.2110
  60.00   0.8660   1.0250  -0.2165
  62.50   0.8162   1.0445  -0.2217
  65.00   0.7660   1.0678  -0.2266
  67.50   0.7071   1.1065  -0.2310
  70.00   0.6428   1.1479  -0.2349
  72.50   0.5736   1.1824  -0.2384
  75.00   0.5000   1.2129  -0.2415
  77.50   0.4226   1.2391  -0.2441
  80.00   0.3420   1.2608  -0.2462
  82.50   0.2588   1.2778  -0.2478
  85.00   0.1736   1.2901  -0.2490
  87.50   0.0868   1.2975  -0.2497
  90.00   0.0000   1.3000  -0.2500
  92.50  -0.0868   1.2975  -0.2497
  95.00  -0.1736   1.2901  -0.2490
  97.50  -0.2588   1.2778  -0.2478
 100.00  -0.3420   1.2608  -0.2462
 102.50  -0.4226   1.2391  -0.2441
 105.00  -0.5000   1.2129  -0.2415
 107.50  -0.5736   1.1824  -0.2384
 110.00  -0.6428   1.1479  -0.2349
 112.50  -0.7071   1.1096  -0.2310
 115.00  -0.7660   1.0678  -0.2266
 117.50  -0.8191   1.0228  -0.2218
 120.00  -0.8660   0.9750  -0.2165
 122.50  -0.9063   0.9247  -0.2109
 125.00  -0.9397   0.8723  -0.2048
 127.50  -0.9659   0.8182  -0.1983
 130.00  -0.9848   0.7629  -0.1915
 132.50  -0.9962   0.7065  -0.1843
 135.00  -1.0000   0.6500  -0.1768
 137.50  -0.9962   0.5935  -0.1689
 140.00  -0.9848   0.5371  -0.1607
 142.50  -0.9659   0.4818  -0.1522
 145.00  -0.9397   0.4277  -0.1434
 147.50  -0.9063   0.3753  -0.1343
 150.00  -0.8660   0.3250  -0.1250
 152.50  -0.8191   0.2772  -0.1155
 155.00  -0.7660   0.2322  -0.1057
 157.50  -0.7071   0.1904  -0.0957
 160.00  -0.6428   0.1521  -0.0855
 162.50  -0.5736   0.1176  -0.0752
 165.00  -0.5000   0.0871  -0.0647
 167.50  -0.4226   0.0609  -0.0541
 170.00  -0.3420   0.0392  -0.0434
 172.50  -0.2588   0.0222  -0.0326
 175.00  -0.1736   0.0099  -0.0218
 177.50  -0.0874   0.0025  -0.0109
 180.00   0.0000   0.0000   0.0000
-----------------------------------
 
 
Section08                       Re: 10.00E+06
-----------------------------------
  alfa      cl       cd       cm   
-----------------------------------
-180.00   0.0000   0.0000   0.0000
-177.50   0.0874   0.0025   0.0109
-175.00   0.1736   0.0099   0.0218
-172.50   0.2588   0.0222   0.0326
-170.00   0.3420   0.0392   0.0434
-167.50   0.4226   0.0609   0.0541
-165.00   0.5000   0.0871   0.0647
-162.50   0.5736   0.1176   0.0752
-160.00   0.6428   0.1521   0.0855
-157.50   0.7071   0.1904   0.0957
-155.00   0.7660   0.2322   0.1057
-152.50   0.8191   0.2772   0.1155
-150.00   0.8660   0.3250   0.1250
-147.50   0.9063   0.3753   0.1343
-145.00   0.9397   0.4277   0.1434
-142.50   0.9659   0.4818   0.1522
-140.00   0.9848   0.5371   0.1607
-137.50   0.9962   0.5935   0.1689
-135.00   1.0000   0.6500   0.1768
-132.50   0.9962   0.7065   0.1843
-130.00   0.9848   0.7629   0.1915
-127.50   0.9659   0.8182   0.1983
-125.00   0.9397   0.8723   0.2048
-122.50   0.9063   0.9247   0.2109
-120.00   0.8660   0.9750   0.2165
-117.50   0.8191   1.0228   0.2218
-115.00   0.7660   1.0678   0.2266
-112.50   0.7071   1.1096   0.2310
-110.00   0.6428   1.1479   0.2349
-107.50   0.5736   1.1824   0.2384
-105.00   0.5000   1.2129   0.2415
-102.50   0.4226   1.2391   0.2441
-100.00   0.3420   1.2608   0.2462
 -97.50   0.2588   1.2778   0.2478
 -95.00   0.1736   1.2901   0.2490
 -92.50   0.0868   1.2975   0.2497
 -90.00   0.0000   1.3000   0.2500
 -87.50  -0.0868   1.2975   0.2497
 -85.00  -0.1736   1.2901   0.2490
 -82.50  -0.2588   1.2778   0.2478
 -80.00  -0.3420   1.2608   0.2462
 -77.50  -0.4226   1.2391   0.2441
 -75.00  -0.5000   1.2129   0.2415
 -72.50  -0.5736   1.1824   0.2384
 -70.00  -0.6428   1.1479   0.2349
 -67.50  -0.7071   1.1096   0.2310
 -65.00  -0.7660   1.0678   0.2266
 -62.50  -0.8191   1.0228   0.2218
 -60.00  -0.8660   0.9750   0.2165
 -57.50  -0.9063   0.9247   0.2109
 -55.00  -0.9397   0.8723   0.2048
 -52.50  -0.9659   0.8182   0.1983
 -50.00  -0.9848   0.7629   0.1915
 -47.50  -0.9939   0.7064   0.1844
 -45.00  -1.0000   0.6500   0.1768
 -42.50  -1.0106   0.5958   0.1605
 -40.00  -1.0216   0.5422   0.1416
 -37.50  -1.0173   0.4883   0.1240
 -35.00  -1.0031   0.4344   0.1065
 -32.50  -1.0256   0.3709   0.0712
 -30.00  -1.0603   0.2863   0.0389
 -29.00  -1.0688   0.2624   0.0326
 -28.00  -1.0772   0.2429   0.0263
 -27.00  -1.0857   0.2279   0.0208
 -26.00  -1.0941   0.2141   0.0154
 -25.00  -1.0971   0.1969   0.0099
 -24.00  -1.1010   0.1804   0.0045
 -23.00  -1.1124   0.1676   0.0003
 -22.00  -1.1247   0.1567  -0.0039
 -21.00  -1.1319   0.1471  -0.0081
 -20.00  -1.1384   0.1381  -0.0123
 -19.00  -1.1464   0.1284  -0.0149
 -18.00  -1.1559   0.1186  -0.0175
 -17.00  -1.1749   0.1098  -0.0202
 -16.00  -1.1834   0.0992  -0.0227
 -15.00  -1.1554   0.0822  -0.0117
 -14.50  -1.1365   0.0730  -0.0047
 -14.00  -1.1170   0.0650   0.0000
 -13.50  -1.0972   0.0591   0.0001
 -13.00  -1.0764   0.0544   0.0001
 -12.50  -1.0533   0.0498  -0.0000
 -12.00  -1.0269   0.0441   0.0000
 -11.50  -0.9814   0.0363   0.0000
 -11.00  -0.9301   0.0272   0.0000
 -10.50  -0.8774   0.0186   0.0000
 -10.00  -0.8244   0.0125   0.0000
  -9.50  -0.7708   0.0115   0.0000
  -9.00  -0.7160   0.0110   0.0000
  -8.50  -0.6599   0.0105   0.0000
  -8.00  -0.6027   0.0100   0.0000
  -7.50  -0.5429   0.0096   0.0000
  -7.00  -0.4824   0.0093   0.0000
  -6.50  -0.4220   0.0090   0.0000
  -6.00  -0.3615   0.0087   0.0000
  -5.50  -0.3009   0.0083   0.0000
  -5.00  -0.2402   0.0079   0.0000
  -4.50  -0.1795   0.0075   0.0000
  -4.00  -0.1188   0.0072   0.0000
  -3.50  -0.0582   0.0069   0.0000
  -3.00   0.0024   0.0067   0.0000
  -2.50   0.0629   0.0065   0.0000
  -2.00   0.1233   0.0064   0.0000
  -1.50   0.1832   0.0064   0.0000
  -1.00   0.2428   0.0064   0.0000
  -0.50   0.3023   0.0064   0.0000
   0.00   0.3619   0.0065   0.0000
   0.50   0.4219   0.0066   0.0000
   1.00   0.4822   0.0066   0.0000
   1.50   0.5420   0.0068   0.0000
   2.00   0.6004   0.0069   0.0000
   2.50   0.6573   0.0071   0.0000
   3.00   0.7131   0.0073   0.0000
   3.50   0.7679   0.0076   0.0000
   4.00   0.8219   0.0080   0.0000
   4.50   0.8755   0.0084   0.0000
   5.00   0.9284   0.0089   0.0000
   5.50   0.9799   0.0095   0.0000
   6.00   1.0296   0.0102   0.0000
   6.50   1.0731   0.0109   0.0000
   7.00   1.1132   0.0117   0.0000
   7.50   1.1502   0.0127   0.0000
   8.00   1.1840   0.0138   0.0000
   8.50   1.2160   0.0155  -0.0000
   9.00   1.2457   0.0176  -0.0000
   9.50   1.2707   0.0200  -0.0001
  10.00   1.2886   0.0225  -0.0001
  10.50   1.2879   0.0253  -0.0001
  11.00   1.2810   0.0282  -0.0002
  11.50   1.2729   0.0312  -0.0002
  12.00   1.2646   0.0342  -0.0003
  12.50   1.2535   0.0372  -0.0004
  13.00   1.2398   0.0402  -0.0004
  13.50   1.2277   0.0433  -0.0005
  14.00   1.2214   0.0465  -0.0006
  14.50   1.2234   0.0519  -0.0006
  15.00   1.2309   0.0582  -0.0006
  15.50   1.2406   0.0647  -0.0007
  16.00   1.2490   0.0714  -0.0010
  16.50   1.2553   0.0781  -0.0200
  17.00   1.2614   0.0850  -0.0478
  17.50   1.2675   0.0922  -0.0758
  18.00   1.2738   0.0999  -0.0958
  18.50   1.2805   0.1099  -0.1043
  19.00   1.2875   0.1210  -0.1061
  19.50   1.2943   0.1325  -0.1054
  20.00   1.3003   0.1441  -0.1062
  20.50   1.3055   0.1560  -0.1092
  21.00   1.3102   0.1683  -0.1124
  21.50   1.3143   0.1807  -0.1156
  22.00   1.3177   0.1932  -0.1189
  22.50   1.3205   0.2059  -0.1223
  23.00   1.3227   0.2187  -0.1257
  23.50   1.3243   0.2316  -0.1292
  24.00   1.3254   0.2443  -0.1326
  24.50   1.3260   0.2569  -0.1361
  25.00   1.3262   0.2693  -0.1395
  26.00   1.3241   0.2940  -0.1464
  27.00   1.3171   0.3183  -0.1532
  28.00   1.3088   0.3424  -0.1599
  29.00   1.3033   0.3667  -0.1666
  30.00   1.2967   0.3911  -0.1733
  31.00   1.2859   0.4202  -0.1799
  32.00   1.2728   0.4532  -0.1862
  33.00   1.2556   0.4978  -0.1533
  34.00   1.2452   0.5220  -0.1580
  35.00   1.2344   0.5456  -0.1626
  36.00   1.2231   0.5688  -0.1670
  37.00   1.2116   0.5915  -0.1712
  38.00   1.1998   0.6139  -0.1754
  39.00   1.1879   0.6358  -0.1794
  40.00   1.1660   0.6573  -0.1834
  42.50   1.1254   0.7088  -0.1927
  45.00   1.0842   0.7596  -0.2019
  47.50   1.0363   0.7945  -0.1986
  50.00   0.9881   0.8265  -0.1944
  52.50   0.9441   0.8661  -0.1998
  55.00   0.9048   0.9057  -0.2054
  57.50   0.8864   0.9453  -0.2110
  60.00   0.8660   0.9850  -0.2165
  62.50   0.8207   1.0264  -0.2217
  65.00   0.7660   1.0678  -0.2266
  67.50   0.7071   1.1084  -0.2310
  70.00   0.6428   1.1479  -0.2349
  72.50   0.5736   1.1824  -0.2384
  75.00   0.5000   1.2129  -0.2415
  77.50   0.4226   1.2391  -0.2441
  80.00   0.3420   1.2608  -0.2462
  82.50   0.2588   1.2778  -0.2478
  85.00   0.1736   1.2901  -0.2490
  87.50   0.0868   1.2975  -0.2497
  90.00   0.0000   1.3000  -0.2500
  92.50  -0.0868   1.2975  -0.2497
  95.00  -0.1736   1.2901  -0.2490
  97.50  -0.2588   1.2778  -0.2478
 100.00  -0.3420   1.2608  -0.2462
 102.50  -0.4226   1.2391  -0.2441
 105.00  -0.5000   1.2129  -0.2415
 107.50  -0.5736   1.1824  -0.2384
 110.00  -0.6428   1.1479  -0.2349
 112.50  -0.7071   1.1096  -0.2310
 115.00  -0.7660   1.0678  -0.2266
 117.50  -0.8191   1.0228  -0.2218
 120.00  -0.8660   0.9750  -0.2165
 122.50  -0.9063   0.9247  -0.2109
 125.00  -0.9397   0.8723  -0.2048
 127.50  -0.9659   0.8182  -0.1983
 130.00  -0.9848   0.7629  -0.1915
 132.50  -0.9962   0.7065  -0.1843
 135.00  -1.0000   0.6500  -0.1768
 137.50  -0.9962   0.5935  -0.1689
 140.00  -0.9848   0.5371  -0.1607
 142.50  -0.9659   0.4818  -0.1522
 145.00  -0.9397   0.4277  -0.1434
 147.50  -0.9063   0.3753  -0.1343
 150.00  -0.8660   0.3250  -0.1250
 152.50  -0.8191   0.2772  -0.1155
 155.00  -0.7660   0.2322  -0.1057
 157.50  -0.7071   0.1904  -0.0957
 160.00  -0.6428   0.1521  -0.0855
 162.50  -0.5736   0.1176  -0.0752
 165.00  -0.5000   0.0871  -0.0647
 167.50  -0.4226   0.0609  -0.0541
 170.00  -0.3420   0.0392  -0.0434
 172.50  -0.2588   0.0222  -0.0326
 175.00  -0.1736   0.0099  -0.0218
 177.50  -0.0874   0.0025  -0.0109
 180.00   0.0000   0.0000   0.0000
-----------------------------------
 
 
Section10                       Re: 10.00E+06
-----------------------------------
  alfa      cl       cd       cm   
-----------------------------------
-180.00   0.0000   0.0000   0.0000
-177.50   0.0874   0.0025   0.0109
-175.00   0.1736   0.0099   0.0218
-172.50   0.2588   0.0222   0.0326
-170.00   0.3420   0.0392   0.0434
-167.50   0.4226   0.0609   0.0541
-165.00   0.5000   0.0871   0.0647
-162.50   0.5736   0.1176   0.0752
-160.00   0.6428   0.1521   0.0855
-157.50   0.7071   0.1904   0.0957
-155.00   0.7660   0.2322   0.1057
-152.50   0.8191   0.2772   0.1155
-150.00   0.8660   0.3250   0.1250
-147.50   0.9063   0.3753   0.1343
-145.00   0.9397   0.4277   0.1434
-142.50   0.9659   0.4818   0.1522
-140.00   0.9848   0.5371   0.1607
-137.50   0.9962   0.5935   0.1689
-135.00   1.0000   0.6500   0.1768
-132.50   0.9962   0.7065   0.1843
-130.00   0.9848   0.7629   0.1915
-127.50   0.9659   0.8182   0.1983
-125.00   0.9397   0.8723   0.2048
-122.50   0.9063   0.9247   0.2109
-120.00   0.8660   0.9750   0.2165
-117.50   0.8191   1.0228   0.2218
-115.00   0.7660   1.0678   0.2266
-112.50   0.7071   1.1096   0.2310
-110.00   0.6428   1.1479   0.2349
-107.50   0.5736   1.1824   0.2384
-105.00   0.5000   1.2129   0.2415
-102.50   0.4226   1.2391   0.2441
-100.00   0.3420   1.2608   0.2462
 -97.50   0.2588   1.2778   0.2478
 -95.00   0.1736   1.2901   0.2490
 -92.50   0.0868   1.2975   0.2497
 -90.00   0.0000   1.3000   0.2500
 -87.50  -0.0868   1.2975   0.2497
 -85.00  -0.1736   1.2901   0.2490
 -82.50  -0.2588   1.2778   0.2478
 -80.00  -0.3420   1.2608   0.2462
 -77.50  -0.4226   1.2391   0.2441
 -75.00  -0.5000   1.2129   0.2415
 -72.50  -0.5736   1.1824   0.2384
 -70.00  -0.6428   1.1479   0.2349
 -67.50  -0.7071   1.1096   0.2310
 -65.00  -0.7660   1.0678   0.2266
 -62.50  -0.8191   1.0228   0.2218
 -60.00  -0.8660   0.9750   0.2165
 -57.50  -0.9063   0.9247   0.2109
 -55.00  -0.9397   0.8723   0.2048
 -52.50  -0.9659   0.8182   0.1983
 -50.00  -0.9848   0.7629   0.1915
 -47.50  -0.9939   0.7064   0.1844
 -45.00  -1.0000   0.6500   0.1768
 -42.50  -1.0106   0.5958   0.1605
 -40.00  -1.0216   0.5422   0.1416
 -37.50  -1.0173   0.4883   0.1240
 -35.00  -1.0131   0.4344   0.1065
 -32.50  -1.0090   0.3681   0.0789
 -30.00  -1.0317   0.2862   0.0486
 -29.00  -1.0506   0.2628   0.0396
 -28.00  -1.0708   0.2427   0.0311
 -27.00  -1.0873   0.2263   0.0246
 -26.00  -1.1001   0.2100   0.0182
 -25.00  -1.1013   0.1884   0.0117
 -24.00  -1.0994   0.1673   0.0053
 -23.00  -1.1017   0.1528   0.0009
 -22.00  -1.1033   0.1383  -0.0029
 -21.00  -1.1010   0.1238  -0.0074
 -20.00  -1.0971   0.1094  -0.0112
 -19.00  -1.0928   0.0985  -0.0131
 -18.00  -1.0870   0.0872  -0.0144
 -17.00  -1.0788   0.0715  -0.0174
 -16.00  -1.0669   0.0551  -0.0177
 -15.00  -1.0465   0.0406  -0.0091
 -14.50  -1.0324   0.0338  -0.0037
 -14.00  -1.0136   0.0278   0.0000
 -13.50  -0.9844   0.0234   0.0001
 -13.00  -0.9486   0.0199   0.0000
 -12.50  -0.9080   0.0173  -0.0000
 -12.00  -0.8644   0.0151   0.0000
 -11.50  -0.8165   0.0140   0.0000
 -11.00  -0.7638   0.0132   0.0000
 -10.50  -0.7099   0.0126   0.0000
 -10.00  -0.6581   0.0119   0.0000
  -9.50  -0.6096   0.0113   0.0000
  -9.00  -0.5626   0.0107   0.0000
  -8.50  -0.5157   0.0102   0.0000
  -8.00  -0.4678   0.0098   0.0000
  -7.50  -0.4185   0.0094   0.0000
  -7.00  -0.3685   0.0090   0.0000
  -6.50  -0.3181   0.0087   0.0000
  -6.00  -0.2675   0.0084   0.0000
  -5.50  -0.2168   0.0081   0.0000
  -5.00  -0.1657   0.0079   0.0000
  -4.50  -0.1145   0.0077   0.0000
  -4.00  -0.0632   0.0075   0.0000
  -3.50  -0.0119   0.0072   0.0000
  -3.00   0.0395   0.0069   0.0000
  -2.50   0.0911   0.0065   0.0000
  -2.00   0.1428   0.0063   0.0000
  -1.50   0.1956   0.0062   0.0000
  -1.00   0.2490   0.0061   0.0000
  -0.50   0.3024   0.0061   0.0000
   0.00   0.3554   0.0061   0.0000
   0.50   0.4079   0.0062   0.0000
   1.00   0.4603   0.0063   0.0000
   1.50   0.5122   0.0064   0.0000
   2.00   0.5636   0.0066   0.0000
   2.50   0.6139   0.0068   0.0000
   3.00   0.6637   0.0071   0.0000
   3.50   0.7122   0.0074   0.0000
   4.00   0.7590   0.0078   0.0000
   4.50   0.8027   0.0085   0.0000
   5.00   0.8441   0.0093   0.0000
   5.50   0.8848   0.0102   0.0000
   6.00   0.9264   0.0110   0.0000
   6.50   0.9702   0.0115   0.0000
   7.00   1.0150   0.0119   0.0000
   7.50   1.0586   0.0125   0.0000
   8.00   1.0988   0.0134   0.0000
   8.50   1.1360   0.0147   0.0000
   9.00   1.1713   0.0164   0.0000
   9.50   1.2024   0.0184   0.0000
  10.00   1.2273   0.0209   0.0000
  10.50   1.2283   0.0242  -0.0000
  11.00   1.2230   0.0279  -0.0000
  11.50   1.2168   0.0318  -0.0001
  12.00   1.2104   0.0358  -0.0001
  12.50   1.2018   0.0398  -0.0001
  13.00   1.1910   0.0439  -0.0001
  13.50   1.1813   0.0482  -0.0002
  14.00   1.1759   0.0528  -0.0002
  14.50   1.1798   0.0588  -0.0002
  15.00   1.1842   0.0652  -0.0002
  15.50   1.1887   0.0717  -0.0003
  16.00   1.1929   0.0782  -0.0005
  16.50   1.1975   0.0847  -0.0165
  17.00   1.2022   0.0914  -0.0399
  17.50   1.2066   0.0981  -0.0635
  18.00   1.2103   0.1051  -0.0801
  18.50   1.2130   0.1127  -0.0866
  19.00   1.2152   0.1206  -0.0873
  19.50   1.2171   0.1291  -0.0859
  20.00   1.2191   0.1383  -0.0861
  20.50   1.2208   0.1491  -0.0889
  21.00   1.2223   0.1603  -0.0919
  21.50   1.2238   0.1716  -0.0950
  22.00   1.2256   0.1829  -0.0981
  22.50   1.2279   0.1943  -0.1012
  23.00   1.2306   0.2057  -0.1043
  23.50   1.2330   0.2172  -0.1076
  24.00   1.2343   0.2287  -0.1109
  24.50   1.2343   0.2401  -0.1146
  25.00   1.2334   0.2515  -0.1186
  26.00   1.2293   0.2742  -0.1266
  27.00   1.2220   0.2963  -0.1342
  28.00   1.2124   0.3187  -0.1420
  29.00   1.2008   0.3423  -0.1505
  30.00   1.1895   0.3674  -0.1592
  31.00   1.1817   0.3946  -0.1677
  32.00   1.1744   0.4251  -0.1760
  33.00   1.1639   0.4735  -0.1483
  34.00   1.1549   0.4965  -0.1526
  35.00   1.1457   0.5192  -0.1571
  36.00   1.1361   0.5415  -0.1613
  37.00   1.1265   0.5635  -0.1654
  38.00   1.1166   0.5853  -0.1695
  39.00   1.0975   0.6067  -0.1734
  40.00   1.0781   0.6278  -0.1774
  42.50   1.0398   0.6790  -0.1867
  45.00   0.9990   0.7298  -0.1959
  47.50   0.9426   0.7696  -0.1956
  50.00   0.8945   0.8065  -0.1944
  52.50   0.8827   0.8456  -0.1999
  55.00   0.8821   0.8857  -0.2054
  57.50   0.8747   0.9296  -0.2110
  60.00   0.8660   0.9750  -0.2165
  62.50   0.8210   1.0220  -0.2217
  65.00   0.7660   1.0678  -0.2266
  67.50   0.7071   1.1096  -0.2310
  70.00   0.6428   1.1479  -0.2349
  72.50   0.5736   1.1824  -0.2384
  75.00   0.5000   1.2129  -0.2415
  77.50   0.4226   1.2391  -0.2441
  80.00   0.3420   1.2608  -0.2462
  82.50   0.2588   1.2778  -0.2478
  85.00   0.1736   1.2901  -0.2490
  87.50   0.0868   1.2975  -0.2497
  90.00   0.0000   1.3000  -0.2500
  92.50  -0.0868   1.2975  -0.2497
  95.00  -0.1736   1.2901  -0.2490
  97.50  -0.2588   1.2778  -0.2478
 100.00  -0.3420   1.2608  -0.2462
 102.50  -0.4226   1.2391  -0.2441
 105.00  -0.5000   1.2129  -0.2415
 107.50  -0.5736   1.1824  -0.2384
 110.00  -0.6428   1.1479  -0.2349
 112.50  -0.7071   1.1096  -0.2310
 115.00  -0.7660   1.0678  -0.2266
 117.50  -0.8191   1.0228  -0.2218
 120.00  -0.8660   0.9750  -0.2165
 122.50  -0.9063   0.9247  -0.2109
 125.00  -0.9397   0.8723  -0.2048
 127.50  -0.9659   0.8182  -0.1983
 130.00  -0.9848   0.7629  -0.1915
 132.50  -0.9962   0.7065  -0.1843
 135.00  -1.0000   0.6500  -0.1768
 137.50  -0.9962   0.5935  -0.1689
 140.00  -0.9848   0.5371  -0.1607
 142.50  -0.9659   0.4818  -0.1522
 145.00  -0.9397   0.4277  -0.1434
 147.50  -0.9063   0.3753  -0.1343
 150.00  -0.8660   0.3250  -0.1250
 152.50  -0.8191   0.2772  -0.1155
 155.00  -0.7660   0.2322  -0.1057
 157.50  -0.7071   0.1904  -0.0957
 160.00  -0.6428   0.1521  -0.0855
 162.50  -0.5736   0.1176  -0.0752
 165.00  -0.5000   0.0871  -0.0647
 167.50  -0.4226   0.0609  -0.0541
 170.00  -0.3420   0.0392  -0.0434
 172.50  -0.2588   0.0222  -0.0326
 175.00  -0.1736   0.0099  -0.0218
 177.50  -0.0874   0.0025  -0.0109
 180.00   0.0000   0.0000   0.0000
-----------------------------------
